<?xml version="1.0" encoding="UTF-8"?>
<!-- Generated by org.testng.reporters.JUnitXMLReporter -->
<testsuite ignored="0" hostname="LAPTOP-9TH27PRK" failures="0" tests="1" name="EdgeTest" time="4.025" errors="0" timestamp="2023-02-01T23:12:17 IST">
  <testcase classname="testBase.BaseClass" name="@BeforeClass setup" time="3.969">
    <failure type="java.util.MissingResourceException" message="Can&amp;apos;t find resource for bundle java.util.PropertyResourceBundle, key apURL2">
      <![CDATA[java.util.MissingResourceException: Can't find resource for bundle java.util.PropertyResourceBundle, key apURL2
at java.base/java.util.ResourceBundle.getObject(ResourceBundle.java:564)
at java.base/java.util.ResourceBundle.getString(ResourceBundle.java:521)
at testBase.BaseClass.setup(BaseClass.java:56)
at java.base/java.util.ArrayList.forEach(ArrayList.java:1511)
at java.base/java.util.concurrent.FutureTask.run(FutureTask.java:264)
at java.base/java.util.concurrent.ThreadPoolExecutor.runWorker(ThreadPoolExecutor.java:1136)
at java.base/java.util.concurrent.ThreadPoolExecutor$Worker.run(ThreadPoolExecutor.java:635)
at java.base/java.lang.Thread.run(Thread.java:833)
... Removed 16 stack frames]]>
    </failure>
  </testcase> <!-- @BeforeClass setup -->
  <testcase classname="testBase.BaseClass" name="@AfterClass tearDown" time="-1.675273337954E9">
    <skipped/>
  </testcase> <!-- @AfterClass tearDown -->
  <testcase classname="testCases.TC_001_AccountRegistrationTest" name="test_account_Registration" time="0.0">
    <skipped/>
  </testcase> <!-- test_account_Registration -->
</testsuite> <!-- EdgeTest -->
